<?xml version="1.0" encoding="UTF-8"?>
<testsuite xmlns:xsi="http://www.w3.org/2001/XMLSchema-instance" xsi:noNamespaceSchemaLocation="https://maven.apache.org/surefire/maven-surefire-plugin/xsd/surefire-test-report.xsd" name="TestSuite" time="126.303" tests="2" errors="0" skipped="0" failures="1">
  <properties>
    <property name="java.specification.version" value="15"/>
    <property name="sun.cpu.isalist" value="amd64"/>
    <property name="sun.jnu.encoding" value="Cp1252"/>
    <property name="java.class.path" value="D:\GradleWorkspace\Selenium\target\test-classes;D:\GradleWorkspace\Selenium\target\classes;C:\Users\mgp0966\.m2\repository\org\testng\testng\7.4.0\testng-7.4.0.jar;C:\Users\mgp0966\.m2\repository\com\beust\jcommander\1.78\jcommander-1.78.jar;C:\Users\mgp0966\.m2\repository\org\webjars\jquery\3.5.1\jquery-3.5.1.jar;C:\Users\mgp0966\.m2\repository\org\seleniumhq\selenium\selenium-java\3.11.0\selenium-java-3.11.0.jar;C:\Users\mgp0966\.m2\repository\org\seleniumhq\selenium\selenium-api\3.11.0\selenium-api-3.11.0.jar;C:\Users\mgp0966\.m2\repository\org\seleniumhq\selenium\selenium-chrome-driver\3.11.0\selenium-chrome-driver-3.11.0.jar;C:\Users\mgp0966\.m2\repository\org\seleniumhq\selenium\selenium-edge-driver\3.11.0\selenium-edge-driver-3.11.0.jar;C:\Users\mgp0966\.m2\repository\org\seleniumhq\selenium\selenium-firefox-driver\3.11.0\selenium-firefox-driver-3.11.0.jar;C:\Users\mgp0966\.m2\repository\org\seleniumhq\selenium\selenium-ie-driver\3.11.0\selenium-ie-driver-3.11.0.jar;C:\Users\mgp0966\.m2\repository\org\seleniumhq\selenium\selenium-opera-driver\3.11.0\selenium-opera-driver-3.11.0.jar;C:\Users\mgp0966\.m2\repository\org\seleniumhq\selenium\selenium-remote-driver\3.11.0\selenium-remote-driver-3.11.0.jar;C:\Users\mgp0966\.m2\repository\org\seleniumhq\selenium\selenium-safari-driver\3.11.0\selenium-safari-driver-3.11.0.jar;C:\Users\mgp0966\.m2\repository\org\seleniumhq\selenium\selenium-support\3.11.0\selenium-support-3.11.0.jar;C:\Users\mgp0966\.m2\repository\net\bytebuddy\byte-buddy\1.7.9\byte-buddy-1.7.9.jar;C:\Users\mgp0966\.m2\repository\org\apache\commons\commons-exec\1.3\commons-exec-1.3.jar;C:\Users\mgp0966\.m2\repository\commons-codec\commons-codec\1.10\commons-codec-1.10.jar;C:\Users\mgp0966\.m2\repository\commons-logging\commons-logging\1.2\commons-logging-1.2.jar;C:\Users\mgp0966\.m2\repository\com\google\code\gson\gson\2.8.2\gson-2.8.2.jar;C:\Users\mgp0966\.m2\repository\com\google\guava\guava\23.6-jre\guava-23.6-jre.jar;C:\Users\mgp0966\.m2\repository\com\google\code\findbugs\jsr305\1.3.9\jsr305-1.3.9.jar;C:\Users\mgp0966\.m2\repository\org\checkerframework\checker-compat-qual\2.0.0\checker-compat-qual-2.0.0.jar;C:\Users\mgp0966\.m2\repository\com\google\errorprone\error_prone_annotations\2.1.3\error_prone_annotations-2.1.3.jar;C:\Users\mgp0966\.m2\repository\com\google\j2objc\j2objc-annotations\1.1\j2objc-annotations-1.1.jar;C:\Users\mgp0966\.m2\repository\org\codehaus\mojo\animal-sniffer-annotations\1.14\animal-sniffer-annotations-1.14.jar;C:\Users\mgp0966\.m2\repository\org\apache\httpcomponents\httpcore\4.4.6\httpcore-4.4.6.jar;C:\Users\mgp0966\.m2\repository\com\squareup\okhttp3\okhttp\3.9.1\okhttp-3.9.1.jar;C:\Users\mgp0966\.m2\repository\com\squareup\okio\okio\1.13.0\okio-1.13.0.jar;C:\Users\mgp0966\.m2\repository\io\github\bonigarcia\webdrivermanager\5.1.0\webdrivermanager-5.1.0.jar;C:\Users\mgp0966\.m2\repository\com\github\docker-java\docker-java\3.2.13\docker-java-3.2.13.jar;C:\Users\mgp0966\.m2\repository\com\github\docker-java\docker-java-core\3.2.13\docker-java-core-3.2.13.jar;C:\Users\mgp0966\.m2\repository\com\github\docker-java\docker-java-api\3.2.13\docker-java-api-3.2.13.jar;C:\Users\mgp0966\.m2\repository\org\bouncycastle\bcpkix-jdk15on\1.64\bcpkix-jdk15on-1.64.jar;C:\Users\mgp0966\.m2\repository\org\bouncycastle\bcprov-jdk15on\1.64\bcprov-jdk15on-1.64.jar;C:\Users\mgp0966\.m2\repository\org\slf4j\jcl-over-slf4j\1.7.30\jcl-over-slf4j-1.7.30.jar;C:\Users\mgp0966\.m2\repository\com\github\docker-java\docker-java-transport-httpclient5\3.2.13\docker-java-transport-httpclient5-3.2.13.jar;C:\Users\mgp0966\.m2\repository\com\github\docker-java\docker-java-transport\3.2.13\docker-java-transport-3.2.13.jar;C:\Users\mgp0966\.m2\repository\org\apache\httpcomponents\client5\httpclient5\5.0.3\httpclient5-5.0.3.jar;C:\Users\mgp0966\.m2\repository\org\apache\httpcomponents\core5\httpcore5\5.0.2\httpcore5-5.0.2.jar;C:\Users\mgp0966\.m2\repository\net\java\dev\jna\jna\5.8.0\jna-5.8.0.jar;C:\Users\mgp0966\.m2\repository\org\brotli\dec\0.1.2\dec-0.1.2.jar;C:\Users\mgp0966\.m2\repository\io\rest-assured\rest-assured\4.5.0\rest-assured-4.5.0.jar;C:\Users\mgp0966\.m2\repository\org\codehaus\groovy\groovy\3.0.9\groovy-3.0.9.jar;C:\Users\mgp0966\.m2\repository\org\codehaus\groovy\groovy-xml\3.0.9\groovy-xml-3.0.9.jar;C:\Users\mgp0966\.m2\repository\org\apache\httpcomponents\httpmime\4.5.13\httpmime-4.5.13.jar;C:\Users\mgp0966\.m2\repository\org\hamcrest\hamcrest\2.1\hamcrest-2.1.jar;C:\Users\mgp0966\.m2\repository\org\ccil\cowan\tagsoup\tagsoup\1.2.1\tagsoup-1.2.1.jar;C:\Users\mgp0966\.m2\repository\io\rest-assured\json-path\4.5.0\json-path-4.5.0.jar;C:\Users\mgp0966\.m2\repository\org\codehaus\groovy\groovy-json\3.0.9\groovy-json-3.0.9.jar;C:\Users\mgp0966\.m2\repository\io\rest-assured\rest-assured-common\4.5.0\rest-assured-common-4.5.0.jar;C:\Users\mgp0966\.m2\repository\io\rest-assured\xml-path\4.5.0\xml-path-4.5.0.jar;C:\Users\mgp0966\.m2\repository\org\json\json\20220320\json-20220320.jar;C:\Users\mgp0966\.m2\repository\org\apache\httpcomponents\httpclient\4.5.13\httpclient-4.5.13.jar;C:\Users\mgp0966\.m2\repository\org\apache\commons\commons-lang3\3.0\commons-lang3-3.0.jar;C:\Users\mgp0966\.m2\repository\org\apache\poi\poi\5.2.2\poi-5.2.2.jar;C:\Users\mgp0966\.m2\repository\org\apache\commons\commons-collections4\4.4\commons-collections4-4.4.jar;C:\Users\mgp0966\.m2\repository\org\apache\commons\commons-math3\3.6.1\commons-math3-3.6.1.jar;C:\Users\mgp0966\.m2\repository\commons-io\commons-io\2.11.0\commons-io-2.11.0.jar;C:\Users\mgp0966\.m2\repository\com\zaxxer\SparseBitSet\1.2\SparseBitSet-1.2.jar;C:\Users\mgp0966\.m2\repository\org\apache\poi\poi-ooxml\5.2.2\poi-ooxml-5.2.2.jar;C:\Users\mgp0966\.m2\repository\org\apache\poi\poi-ooxml-lite\5.2.2\poi-ooxml-lite-5.2.2.jar;C:\Users\mgp0966\.m2\repository\org\apache\xmlbeans\xmlbeans\5.0.3\xmlbeans-5.0.3.jar;C:\Users\mgp0966\.m2\repository\org\apache\commons\commons-compress\1.21\commons-compress-1.21.jar;C:\Users\mgp0966\.m2\repository\com\github\virtuald\curvesapi\1.07\curvesapi-1.07.jar;C:\Users\mgp0966\.m2\repository\org\apache\logging\log4j\log4j-core\2.17.2\log4j-core-2.17.2.jar;C:\Users\mgp0966\.m2\repository\org\apache\logging\log4j\log4j-api\2.17.2\log4j-api-2.17.2.jar;C:\Users\mgp0966\.m2\repository\com\aventstack\extentreports\3.1.2\extentreports-3.1.2.jar;C:\Users\mgp0966\.m2\repository\org\freemarker\freemarker\2.3.23\freemarker-2.3.23.jar;C:\Users\mgp0966\.m2\repository\org\mongodb\mongodb-driver\3.3.0\mongodb-driver-3.3.0.jar;C:\Users\mgp0966\.m2\repository\org\mongodb\bson\3.3.0\bson-3.3.0.jar;C:\Users\mgp0966\.m2\repository\org\mongodb\mongodb-driver-core\3.3.0\mongodb-driver-core-3.3.0.jar;C:\Users\mgp0966\.m2\repository\org\jsoup\jsoup\1.9.2\jsoup-1.9.2.jar;C:\Users\mgp0966\.m2\repository\commons-validator\commons-validator\1.4.0\commons-validator-1.4.0.jar;C:\Users\mgp0966\.m2\repository\commons-beanutils\commons-beanutils\1.8.3\commons-beanutils-1.8.3.jar;C:\Users\mgp0966\.m2\repository\commons-digester\commons-digester\1.8\commons-digester-1.8.jar;C:\Users\mgp0966\.m2\repository\org\slf4j\slf4j-api\1.7.16\slf4j-api-1.7.16.jar;C:\Users\mgp0966\.m2\repository\com\fasterxml\jackson\core\jackson-core\2.13.1\jackson-core-2.13.1.jar;C:\Users\mgp0966\.m2\repository\com\fasterxml\jackson\core\jackson-databind\2.13.2.1\jackson-databind-2.13.2.1.jar;C:\Users\mgp0966\.m2\repository\com\fasterxml\jackson\core\jackson-annotations\2.13.2\jackson-annotations-2.13.2.jar;C:\Users\mgp0966\.m2\repository\org\awaitility\awaitility\4.2.0\awaitility-4.2.0.jar;"/>
    <property name="java.vm.vendor" value="Oracle Corporation"/>
    <property name="sun.arch.data.model" value="64"/>
    <property name="user.variant" value=""/>
    <property name="java.vendor.url" value="https://java.oracle.com/"/>
    <property name="user.timezone" value="Asia/Calcutta"/>
    <property name="os.name" value="Windows 10"/>
    <property name="java.vm.specification.version" value="15"/>
    <property name="sun.java.launcher" value="SUN_STANDARD"/>
    <property name="user.country" value="US"/>
    <property name="sun.boot.library.path" value="C:\Users\mgp0966\.p2\pool\plugins\org.eclipse.justj.openjdk.hotspot.jre.full.win32.x86_64_15.0.2.v20210201-0955\jre\bin"/>
    <property name="sun.java.command" value="C:\Users\mgp0966\AppData\Local\Temp\surefire8704979950248019240\surefirebooter8841250752407883685.jar C:\Users\mgp0966\AppData\Local\Temp\surefire8704979950248019240 2022-07-11T18-22-46_329-jvmRun1 surefire1204844863167351345tmp surefire_03721219914101804231tmp"/>
    <property name="jdk.debug" value="release"/>
    <property name="surefire.test.class.path" value="D:\GradleWorkspace\Selenium\target\test-classes;D:\GradleWorkspace\Selenium\target\classes;C:\Users\mgp0966\.m2\repository\org\testng\testng\7.4.0\testng-7.4.0.jar;C:\Users\mgp0966\.m2\repository\com\beust\jcommander\1.78\jcommander-1.78.jar;C:\Users\mgp0966\.m2\repository\org\webjars\jquery\3.5.1\jquery-3.5.1.jar;C:\Users\mgp0966\.m2\repository\org\seleniumhq\selenium\selenium-java\3.11.0\selenium-java-3.11.0.jar;C:\Users\mgp0966\.m2\repository\org\seleniumhq\selenium\selenium-api\3.11.0\selenium-api-3.11.0.jar;C:\Users\mgp0966\.m2\repository\org\seleniumhq\selenium\selenium-chrome-driver\3.11.0\selenium-chrome-driver-3.11.0.jar;C:\Users\mgp0966\.m2\repository\org\seleniumhq\selenium\selenium-edge-driver\3.11.0\selenium-edge-driver-3.11.0.jar;C:\Users\mgp0966\.m2\repository\org\seleniumhq\selenium\selenium-firefox-driver\3.11.0\selenium-firefox-driver-3.11.0.jar;C:\Users\mgp0966\.m2\repository\org\seleniumhq\selenium\selenium-ie-driver\3.11.0\selenium-ie-driver-3.11.0.jar;C:\Users\mgp0966\.m2\repository\org\seleniumhq\selenium\selenium-opera-driver\3.11.0\selenium-opera-driver-3.11.0.jar;C:\Users\mgp0966\.m2\repository\org\seleniumhq\selenium\selenium-remote-driver\3.11.0\selenium-remote-driver-3.11.0.jar;C:\Users\mgp0966\.m2\repository\org\seleniumhq\selenium\selenium-safari-driver\3.11.0\selenium-safari-driver-3.11.0.jar;C:\Users\mgp0966\.m2\repository\org\seleniumhq\selenium\selenium-support\3.11.0\selenium-support-3.11.0.jar;C:\Users\mgp0966\.m2\repository\net\bytebuddy\byte-buddy\1.7.9\byte-buddy-1.7.9.jar;C:\Users\mgp0966\.m2\repository\org\apache\commons\commons-exec\1.3\commons-exec-1.3.jar;C:\Users\mgp0966\.m2\repository\commons-codec\commons-codec\1.10\commons-codec-1.10.jar;C:\Users\mgp0966\.m2\repository\commons-logging\commons-logging\1.2\commons-logging-1.2.jar;C:\Users\mgp0966\.m2\repository\com\google\code\gson\gson\2.8.2\gson-2.8.2.jar;C:\Users\mgp0966\.m2\repository\com\google\guava\guava\23.6-jre\guava-23.6-jre.jar;C:\Users\mgp0966\.m2\repository\com\google\code\findbugs\jsr305\1.3.9\jsr305-1.3.9.jar;C:\Users\mgp0966\.m2\repository\org\checkerframework\checker-compat-qual\2.0.0\checker-compat-qual-2.0.0.jar;C:\Users\mgp0966\.m2\repository\com\google\errorprone\error_prone_annotations\2.1.3\error_prone_annotations-2.1.3.jar;C:\Users\mgp0966\.m2\repository\com\google\j2objc\j2objc-annotations\1.1\j2objc-annotations-1.1.jar;C:\Users\mgp0966\.m2\repository\org\codehaus\mojo\animal-sniffer-annotations\1.14\animal-sniffer-annotations-1.14.jar;C:\Users\mgp0966\.m2\repository\org\apache\httpcomponents\httpcore\4.4.6\httpcore-4.4.6.jar;C:\Users\mgp0966\.m2\repository\com\squareup\okhttp3\okhttp\3.9.1\okhttp-3.9.1.jar;C:\Users\mgp0966\.m2\repository\com\squareup\okio\okio\1.13.0\okio-1.13.0.jar;C:\Users\mgp0966\.m2\repository\io\github\bonigarcia\webdrivermanager\5.1.0\webdrivermanager-5.1.0.jar;C:\Users\mgp0966\.m2\repository\com\github\docker-java\docker-java\3.2.13\docker-java-3.2.13.jar;C:\Users\mgp0966\.m2\repository\com\github\docker-java\docker-java-core\3.2.13\docker-java-core-3.2.13.jar;C:\Users\mgp0966\.m2\repository\com\github\docker-java\docker-java-api\3.2.13\docker-java-api-3.2.13.jar;C:\Users\mgp0966\.m2\repository\org\bouncycastle\bcpkix-jdk15on\1.64\bcpkix-jdk15on-1.64.jar;C:\Users\mgp0966\.m2\repository\org\bouncycastle\bcprov-jdk15on\1.64\bcprov-jdk15on-1.64.jar;C:\Users\mgp0966\.m2\repository\org\slf4j\jcl-over-slf4j\1.7.30\jcl-over-slf4j-1.7.30.jar;C:\Users\mgp0966\.m2\repository\com\github\docker-java\docker-java-transport-httpclient5\3.2.13\docker-java-transport-httpclient5-3.2.13.jar;C:\Users\mgp0966\.m2\repository\com\github\docker-java\docker-java-transport\3.2.13\docker-java-transport-3.2.13.jar;C:\Users\mgp0966\.m2\repository\org\apache\httpcomponents\client5\httpclient5\5.0.3\httpclient5-5.0.3.jar;C:\Users\mgp0966\.m2\repository\org\apache\httpcomponents\core5\httpcore5\5.0.2\httpcore5-5.0.2.jar;C:\Users\mgp0966\.m2\repository\net\java\dev\jna\jna\5.8.0\jna-5.8.0.jar;C:\Users\mgp0966\.m2\repository\org\brotli\dec\0.1.2\dec-0.1.2.jar;C:\Users\mgp0966\.m2\repository\io\rest-assured\rest-assured\4.5.0\rest-assured-4.5.0.jar;C:\Users\mgp0966\.m2\repository\org\codehaus\groovy\groovy\3.0.9\groovy-3.0.9.jar;C:\Users\mgp0966\.m2\repository\org\codehaus\groovy\groovy-xml\3.0.9\groovy-xml-3.0.9.jar;C:\Users\mgp0966\.m2\repository\org\apache\httpcomponents\httpmime\4.5.13\httpmime-4.5.13.jar;C:\Users\mgp0966\.m2\repository\org\hamcrest\hamcrest\2.1\hamcrest-2.1.jar;C:\Users\mgp0966\.m2\repository\org\ccil\cowan\tagsoup\tagsoup\1.2.1\tagsoup-1.2.1.jar;C:\Users\mgp0966\.m2\repository\io\rest-assured\json-path\4.5.0\json-path-4.5.0.jar;C:\Users\mgp0966\.m2\repository\org\codehaus\groovy\groovy-json\3.0.9\groovy-json-3.0.9.jar;C:\Users\mgp0966\.m2\repository\io\rest-assured\rest-assured-common\4.5.0\rest-assured-common-4.5.0.jar;C:\Users\mgp0966\.m2\repository\io\rest-assured\xml-path\4.5.0\xml-path-4.5.0.jar;C:\Users\mgp0966\.m2\repository\org\json\json\20220320\json-20220320.jar;C:\Users\mgp0966\.m2\repository\org\apache\httpcomponents\httpclient\4.5.13\httpclient-4.5.13.jar;C:\Users\mgp0966\.m2\repository\org\apache\commons\commons-lang3\3.0\commons-lang3-3.0.jar;C:\Users\mgp0966\.m2\repository\org\apache\poi\poi\5.2.2\poi-5.2.2.jar;C:\Users\mgp0966\.m2\repository\org\apache\commons\commons-collections4\4.4\commons-collections4-4.4.jar;C:\Users\mgp0966\.m2\repository\org\apache\commons\commons-math3\3.6.1\commons-math3-3.6.1.jar;C:\Users\mgp0966\.m2\repository\commons-io\commons-io\2.11.0\commons-io-2.11.0.jar;C:\Users\mgp0966\.m2\repository\com\zaxxer\SparseBitSet\1.2\SparseBitSet-1.2.jar;C:\Users\mgp0966\.m2\repository\org\apache\poi\poi-ooxml\5.2.2\poi-ooxml-5.2.2.jar;C:\Users\mgp0966\.m2\repository\org\apache\poi\poi-ooxml-lite\5.2.2\poi-ooxml-lite-5.2.2.jar;C:\Users\mgp0966\.m2\repository\org\apache\xmlbeans\xmlbeans\5.0.3\xmlbeans-5.0.3.jar;C:\Users\mgp0966\.m2\repository\org\apache\commons\commons-compress\1.21\commons-compress-1.21.jar;C:\Users\mgp0966\.m2\repository\com\github\virtuald\curvesapi\1.07\curvesapi-1.07.jar;C:\Users\mgp0966\.m2\repository\org\apache\logging\log4j\log4j-core\2.17.2\log4j-core-2.17.2.jar;C:\Users\mgp0966\.m2\repository\org\apache\logging\log4j\log4j-api\2.17.2\log4j-api-2.17.2.jar;C:\Users\mgp0966\.m2\repository\com\aventstack\extentreports\3.1.2\extentreports-3.1.2.jar;C:\Users\mgp0966\.m2\repository\org\freemarker\freemarker\2.3.23\freemarker-2.3.23.jar;C:\Users\mgp0966\.m2\repository\org\mongodb\mongodb-driver\3.3.0\mongodb-driver-3.3.0.jar;C:\Users\mgp0966\.m2\repository\org\mongodb\bson\3.3.0\bson-3.3.0.jar;C:\Users\mgp0966\.m2\repository\org\mongodb\mongodb-driver-core\3.3.0\mongodb-driver-core-3.3.0.jar;C:\Users\mgp0966\.m2\repository\org\jsoup\jsoup\1.9.2\jsoup-1.9.2.jar;C:\Users\mgp0966\.m2\repository\commons-validator\commons-validator\1.4.0\commons-validator-1.4.0.jar;C:\Users\mgp0966\.m2\repository\commons-beanutils\commons-beanutils\1.8.3\commons-beanutils-1.8.3.jar;C:\Users\mgp0966\.m2\repository\commons-digester\commons-digester\1.8\commons-digester-1.8.jar;C:\Users\mgp0966\.m2\repository\org\slf4j\slf4j-api\1.7.16\slf4j-api-1.7.16.jar;C:\Users\mgp0966\.m2\repository\com\fasterxml\jackson\core\jackson-core\2.13.1\jackson-core-2.13.1.jar;C:\Users\mgp0966\.m2\repository\com\fasterxml\jackson\core\jackson-databind\2.13.2.1\jackson-databind-2.13.2.1.jar;C:\Users\mgp0966\.m2\repository\com\fasterxml\jackson\core\jackson-annotations\2.13.2\jackson-annotations-2.13.2.jar;C:\Users\mgp0966\.m2\repository\org\awaitility\awaitility\4.2.0\awaitility-4.2.0.jar;"/>
    <property name="sun.cpu.endian" value="little"/>
    <property name="user.home" value="C:\Users\mgp0966"/>
    <property name="user.language" value="en"/>
    <property name="java.specification.vendor" value="Oracle Corporation"/>
    <property name="java.version.date" value="2021-01-19"/>
    <property name="java.home" value="C:\Users\mgp0966\.p2\pool\plugins\org.eclipse.justj.openjdk.hotspot.jre.full.win32.x86_64_15.0.2.v20210201-0955\jre"/>
    <property name="file.separator" value="\"/>
    <property name="basedir" value="D:\GradleWorkspace\Selenium"/>
    <property name="java.vm.compressedOopsMode" value="Zero based"/>
    <property name="line.separator" value="&#10;"/>
    <property name="java.vm.specification.vendor" value="Oracle Corporation"/>
    <property name="java.specification.name" value="Java Platform API Specification"/>
    <property name="surefire.real.class.path" value="C:\Users\mgp0966\AppData\Local\Temp\surefire8704979950248019240\surefirebooter8841250752407883685.jar"/>
    <property name="user.script" value=""/>
    <property name="sun.management.compiler" value="HotSpot 64-Bit Tiered Compilers"/>
    <property name="java.runtime.version" value="15.0.2+7-27"/>
    <property name="user.name" value="mgp0966"/>
    <property name="path.separator" value=";"/>
    <property name="os.version" value="10.0"/>
    <property name="java.runtime.name" value="OpenJDK Runtime Environment"/>
    <property name="file.encoding" value="Cp1252"/>
    <property name="java.vm.name" value="OpenJDK 64-Bit Server VM"/>
    <property name="localRepository" value="C:\Users\mgp0966\.m2\repository"/>
    <property name="java.vendor.url.bug" value="https://bugreport.java.com/bugreport/"/>
    <property name="java.io.tmpdir" value="C:\Users\mgp0966\AppData\Local\Temp\"/>
    <property name="java.version" value="15.0.2"/>
    <property name="user.dir" value="D:\GradleWorkspace\Selenium"/>
    <property name="os.arch" value="amd64"/>
    <property name="java.vm.specification.name" value="Java Virtual Machine Specification"/>
    <property name="sun.os.patch.level" value=""/>
    <property name="java.library.path" value="C:\Users\mgp0966\.p2\pool\plugins\org.eclipse.justj.openjdk.hotspot.jre.full.win32.x86_64_15.0.2.v20210201-0955\jre\bin;C:\WINDOWS\Sun\Java\bin;C:\WINDOWS\system32;C:\WINDOWS;C:/Users/mgp0966/.p2/pool/plugins/org.eclipse.justj.openjdk.hotspot.jre.full.win32.x86_64_15.0.2.v20210201-0955/jre/bin/server;C:/Users/mgp0966/.p2/pool/plugins/org.eclipse.justj.openjdk.hotspot.jre.full.win32.x86_64_15.0.2.v20210201-0955/jre/bin;C:\Program Files\Common Files\Oracle\Java\javapath;C:\WINDOWS\system32;C:\WINDOWS;C:\WINDOWS\System32\Wbem;C:\WINDOWS\System32\WindowsPowerShell\v1.0\;C:\WINDOWS\System32\OpenSSH\;C:\Program Files (x86)\Enterprise Vault\EVClient\x64\;C:\Program Files (x86)\Sennheiser\SenncomSDK\;C:\apache-maven-3.8.5\bin;C:\Program Files\Java\jdk-16.0.2\bin;C:\Users\mgp0966\AppData\Local\Programs\Git\bin;C:\Users\mgp0966\AppData\Local\Microsoft\WindowsApps;C:\Users\mgp0966\AppData\Local\Programs\Git\cmd;C:\Users\mgp0966\AppData\Local\GitHubDesktop\bin;C:\WINDOWS\System32;;."/>
    <property name="java.vm.info" value="mixed mode"/>
    <property name="java.vendor" value="Oracle Corporation"/>
    <property name="java.vm.version" value="15.0.2+7-27"/>
    <property name="sun.io.unicode.encoding" value="UnicodeLittle"/>
    <property name="java.class.version" value="59.0"/>
  </properties>
  <testcase name="loginToSalesforce" classname="executetests.Salesforce" time="62.502">
    <failure message="timeout: Timed out receiving message from renderer: 50.000&#10;  (Session info: chrome=103.0.5060.114)&#10;Build info: version: &apos;3.11.0&apos;, revision: &apos;e59cfb3&apos;, time: &apos;2018-03-11T20:26:55.152Z&apos;&#10;System info: host: &apos;PG02802S&apos;, ip: &apos;10.11.27.150&apos;, os.name: &apos;Windows 10&apos;, os.arch: &apos;amd64&apos;, os.version: &apos;10.0&apos;, java.version: &apos;15.0.2&apos;&#10;Driver info: org.openqa.selenium.chrome.ChromeDriver&#10;Capabilities {acceptInsecureCerts: false, browserName: chrome, browserVersion: 103.0.5060.114, chrome: {chromedriverVersion: 103.0.5060.53 (a1711811edd7..., userDataDir: C:\Users\mgp0966\AppData\Lo...}, goog:chromeOptions: {debuggerAddress: localhost:52957}, javascriptEnabled: true, networkConnectionEnabled: false, pageLoadStrategy: normal, platform: WINDOWS, platformName: WINDOWS, proxy: Proxy(), setWindowRect: true, strictFileInteractability: false, timeouts: {implicit: 0, pageLoad: 300000, script: 30000}, unhandledPromptBehavior: dismiss and notify, webauthn:extension:credBlob: true, webauthn:extension:largeBlob: true, webauthn:virtualAuthenticators: true}&#10;Session ID: a3e6efd0587aaac21215838c7ceb6185" type="org.openqa.selenium.TimeoutException">org.openqa.selenium.TimeoutException: 
timeout: Timed out receiving message from renderer: 50.000
  (Session info: chrome=103.0.5060.114)
Build info: version: '3.11.0', revision: 'e59cfb3', time: '2018-03-11T20:26:55.152Z'
System info: host: 'PG02802S', ip: '10.11.27.150', os.name: 'Windows 10', os.arch: 'amd64', os.version: '10.0', java.version: '15.0.2'
Driver info: org.openqa.selenium.chrome.ChromeDriver
Capabilities {acceptInsecureCerts: false, browserName: chrome, browserVersion: 103.0.5060.114, chrome: {chromedriverVersion: 103.0.5060.53 (a1711811edd7..., userDataDir: C:\Users\mgp0966\AppData\Lo...}, goog:chromeOptions: {debuggerAddress: localhost:52957}, javascriptEnabled: true, networkConnectionEnabled: false, pageLoadStrategy: normal, platform: WINDOWS, platformName: WINDOWS, proxy: Proxy(), setWindowRect: true, strictFileInteractability: false, timeouts: {implicit: 0, pageLoad: 300000, script: 30000}, unhandledPromptBehavior: dismiss and notify, webauthn:extension:credBlob: true, webauthn:extension:largeBlob: true, webauthn:virtualAuthenticators: true}
Session ID: a3e6efd0587aaac21215838c7ceb6185
	at executetests.Salesforce.loginToSalesforce(Salesforce.java:247)
</failure>
    <system-out><![CDATA[2022-07-11 18:22:50,414 main DEBUG Apache Log4j Core 2.17.2 initializing configuration XmlConfiguration[location=D:\GradleWorkspace\Selenium\target\classes\log4j2.xml]
2022-07-11 18:22:50,416 main DEBUG PluginManager 'Core' found 127 plugins
2022-07-11 18:22:50,416 main DEBUG PluginManager 'Level' found 0 plugins
2022-07-11 18:22:50,421 main DEBUG Building Plugin[name=property, class=org.apache.logging.log4j.core.config.Property].
2022-07-11 18:22:50,431 main DEBUG PluginManager 'TypeConverter' found 26 plugins
2022-07-11 18:22:50,437 main DEBUG createProperty(name="log-path", value="logs", value="logs")
2022-07-11 18:22:50,438 main DEBUG Building Plugin[name=properties, class=org.apache.logging.log4j.core.config.PropertiesPlugin].
2022-07-11 18:22:50,441 main DEBUG configureSubstitutor(={log-path=logs}, Configuration(D:\GradleWorkspace\Selenium\target\classes\log4j2.xml))
2022-07-11 18:22:50,442 main DEBUG PluginManager 'Lookup' found 16 plugins
2022-07-11 18:22:50,443 main DEBUG Building Plugin[name=layout, class=org.apache.logging.log4j.core.layout.PatternLayout].
2022-07-11 18:22:50,448 main DEBUG PatternLayout$Builder(pattern="[%-5level] %d{yyyy-MM-dd HH:mm:ss.SSS} [%t] %c{1} - %msg%n", PatternSelector=null, Configuration(D:\GradleWorkspace\Selenium\target\classes\log4j2.xml), Replace=null, charset="null", alwaysWriteExceptions="null", disableAnsi="null", noConsoleNoAnsi="null", header="null", footer="null")
2022-07-11 18:22:50,448 main DEBUG PluginManager 'Converter' found 45 plugins
2022-07-11 18:22:50,457 main DEBUG Building Plugin[name=TimeBasedTriggeringPolicy, class=org.apache.logging.log4j.core.appender.rolling.TimeBasedTriggeringPolicy].
2022-07-11 18:22:50,460 main DEBUG TimeBasedTriggeringPolicy$Builder(interval="1", modulate="true", maxRandomDelay="null")
2022-07-11 18:22:50,460 main DEBUG Building Plugin[name=Policies, class=org.apache.logging.log4j.core.appender.rolling.CompositeTriggeringPolicy].
2022-07-11 18:22:50,460 main DEBUG createPolicy(={TimeBasedTriggeringPolicy(nextRolloverMillis=0, interval=1, modulate=true)})
2022-07-11 18:22:50,461 main DEBUG Building Plugin[name=appender, class=org.apache.logging.log4j.core.appender.RollingFileAppender].
2022-07-11 18:22:50,468 main DEBUG RollingFileAppender$Builder(fileName="logs/CBS-regression.log", filePattern="logs/CBS-regression-%d{yyyy-MM-dd}.log", append="null", locking="null", Policies(CompositeTriggeringPolicy(policies=[TimeBasedTriggeringPolicy(nextRolloverMillis=0, interval=1, modulate=true)])), Strategy=null, advertise="null", advertiseUri="null", createOnDemand="null", filePermissions="null", fileOwner="null", fileGroup="null", bufferedIo="null", bufferSize="null", immediateFlush="null", ignoreExceptions="null", PatternLayout([%-5level] %d{yyyy-MM-dd HH:mm:ss.SSS} [%t] %c{1} - %msg%n), name="file-log", Configuration(D:\GradleWorkspace\Selenium\target\classes\log4j2.xml), Filter=null, ={})
2022-07-11 18:22:50,477 main DEBUG Returning file creation time for D:\GradleWorkspace\Selenium\logs\CBS-regression.log
2022-07-11 18:22:50,477 main DEBUG Starting RollingFileManager logs/CBS-regression.log
2022-07-11 18:22:50,480 main DEBUG PluginManager 'FileConverter' found 2 plugins
2022-07-11 18:22:50,483 main DEBUG Setting prev file time to 2022-07-11T17:22:03.892+0530
2022-07-11 18:22:50,484 main DEBUG Initializing triggering policy CompositeTriggeringPolicy(policies=[TimeBasedTriggeringPolicy(nextRolloverMillis=0, interval=1, modulate=true)])
2022-07-11 18:22:50,484 main DEBUG Initializing triggering policy TimeBasedTriggeringPolicy(nextRolloverMillis=0, interval=1, modulate=true)
2022-07-11 18:22:50,485 main DEBUG Building Plugin[name=layout, class=org.apache.logging.log4j.core.layout.PatternLayout].
2022-07-11 18:22:50,485 main DEBUG PatternLayout$Builder(pattern="[%-5level] %d{yyyy-MM-dd HH:mm:ss.SSS} [%t] %c{1} - %msg%n", PatternSelector=null, Configuration(D:\GradleWorkspace\Selenium\target\classes\log4j2.xml), Replace=null, charset="null", alwaysWriteExceptions="null", disableAnsi="null", noConsoleNoAnsi="null", header="null", footer="null")
2022-07-11 18:22:50,486 main DEBUG Building Plugin[name=appender, class=org.apache.logging.log4j.core.appender.ConsoleAppender].
2022-07-11 18:22:50,488 main DEBUG ConsoleAppender$Builder(target="SYSTEM_OUT", follow="null", direct="null", bufferedIo="null", bufferSize="null", immediateFlush="null", ignoreExceptions="null", PatternLayout([%-5level] %d{yyyy-MM-dd HH:mm:ss.SSS} [%t] %c{1} - %msg%n), name="console", Configuration(D:\GradleWorkspace\Selenium\target\classes\log4j2.xml), Filter=null, ={})
2022-07-11 18:22:50,491 main DEBUG Starting OutputStreamManager SYSTEM_OUT.false.false
2022-07-11 18:22:50,492 main DEBUG Building Plugin[name=appenders, class=org.apache.logging.log4j.core.config.AppendersPlugin].
2022-07-11 18:22:50,492 main DEBUG createAppenders(={file-log, console})
2022-07-11 18:22:50,493 main DEBUG Building Plugin[name=appender-ref, class=org.apache.logging.log4j.core.config.AppenderRef].
2022-07-11 18:22:50,494 main DEBUG createAppenderRef(ref="file-log", level="DEBUG", Filter=null)
2022-07-11 18:22:50,494 main DEBUG Building Plugin[name=logger, class=org.apache.logging.log4j.core.config.LoggerConfig].
2022-07-11 18:22:50,496 main DEBUG LoggerConfig$Builder(additivity="false", level="DEBUG", levelAndRefs="null", name="com.sn", includeLocation="null", ={file-log}, ={}, Configuration(D:\GradleWorkspace\Selenium\target\classes\log4j2.xml), Filter=null)
2022-07-11 18:22:50,497 main DEBUG Building Plugin[name=appender-ref, class=org.apache.logging.log4j.core.config.AppenderRef].
2022-07-11 18:22:50,498 main DEBUG createAppenderRef(ref="console", level="null", Filter=null)
2022-07-11 18:22:50,498 main DEBUG Building Plugin[name=root, class=org.apache.logging.log4j.core.config.LoggerConfig$RootLogger].
2022-07-11 18:22:50,500 main DEBUG LoggerConfig$RootLogger$Builder(additivity="false", level="DEBUG", levelAndRefs="null", includeLocation="null", ={console}, ={}, Configuration(D:\GradleWorkspace\Selenium\target\classes\log4j2.xml), Filter=null)
2022-07-11 18:22:50,501 main DEBUG Building Plugin[name=loggers, class=org.apache.logging.log4j.core.config.LoggersPlugin].
2022-07-11 18:22:50,502 main DEBUG createLoggers(={com.sn, root})
2022-07-11 18:22:50,503 main DEBUG Configuration XmlConfiguration[location=D:\GradleWorkspace\Selenium\target\classes\log4j2.xml] initialized
2022-07-11 18:22:50,503 main DEBUG Starting configuration XmlConfiguration[location=D:\GradleWorkspace\Selenium\target\classes\log4j2.xml]
2022-07-11 18:22:50,504 main DEBUG Started configuration XmlConfiguration[location=D:\GradleWorkspace\Selenium\target\classes\log4j2.xml] OK.
2022-07-11 18:22:50,505 main DEBUG Shutting down OutputStreamManager SYSTEM_OUT.false.false-1
2022-07-11 18:22:50,505 main DEBUG OutputStream closed
2022-07-11 18:22:50,505 main DEBUG Shut down OutputStreamManager SYSTEM_OUT.false.false-1, all resources released: true
2022-07-11 18:22:50,505 main DEBUG Appender DefaultConsole-1 stopped with status true
2022-07-11 18:22:50,506 main DEBUG Stopped org.apache.logging.log4j.core.config.DefaultConfiguration@4bf48f6 OK
2022-07-11 18:22:50,583 main DEBUG Registering MBean org.apache.logging.log4j2:type=443b7951
2022-07-11 18:22:50,586 main DEBUG Registering MBean org.apache.logging.log4j2:type=443b7951,component=StatusLogger
2022-07-11 18:22:50,587 main DEBUG Registering MBean org.apache.logging.log4j2:type=443b7951,component=ContextSelector
2022-07-11 18:22:50,588 main DEBUG Registering MBean org.apache.logging.log4j2:type=443b7951,component=Loggers,name=
2022-07-11 18:22:50,589 main DEBUG Registering MBean org.apache.logging.log4j2:type=443b7951,component=Loggers,name=com.sn
2022-07-11 18:22:50,590 main DEBUG Registering MBean org.apache.logging.log4j2:type=443b7951,component=Appenders,name=file-log
2022-07-11 18:22:50,591 main DEBUG Registering MBean org.apache.logging.log4j2:type=443b7951,component=Appenders,name=console
2022-07-11 18:22:50,592 main DEBUG org.apache.logging.log4j.core.util.SystemClock supports precise timestamps.
2022-07-11 18:22:50,592 main DEBUG Reconfiguration complete for context[name=443b7951] at URI D:\GradleWorkspace\Selenium\target\classes\log4j2.xml (org.apache.logging.log4j.core.LoggerContext@478ee483) with optional ClassLoader: null
2022-07-11 18:22:50,593 main DEBUG Shutdown hook enabled. Registering a new one.
2022-07-11 18:22:50,595 main DEBUG LoggerContext[name=443b7951, org.apache.logging.log4j.core.LoggerContext@478ee483] started OK.
]]></system-out>
    <system-err><![CDATA[SLF4J: Failed to load class "org.slf4j.impl.StaticLoggerBinder".
SLF4J: Defaulting to no-operation (NOP) logger implementation
SLF4J: See http://www.slf4j.org/codes.html#StaticLoggerBinder for further details.
Starting ChromeDriver 103.0.5060.53 (a1711811edd74ff1cf2150f36ffa3b0dae40b17f-refs/branch-heads/5060@{#853}) on port 24188
Only local connections are allowed.
Please see https://chromedriver.chromium.org/security-considerations for suggestions on keeping ChromeDriver safe.
ChromeDriver was started successfully.
Jul 11, 2022 6:22:52 PM org.openqa.selenium.remote.ProtocolHandshake createSession
INFO: Detected dialect: W3C
[1657544035.036][SEVERE]: Timed out receiving message from renderer: 50.000
[1657544035.037][SEVERE]: Timed out receiving message from renderer: 50.000
Jul 11, 2022 6:23:55 PM org.openqa.selenium.remote.ErrorCodes toStatus
INFO: HTTP Status: '500' -> incorrect JSON status mapping for 'timeout' (408 expected)
]]></system-err>
  </testcase>
  <testcase name="createNewLead" classname="executetests.Salesforce" time="59.111"/>
</testsuite>